c:\users\psyc\source\repos\iocpserverlib\iocpserverlib\x64\debug\vc143.pdb
c:\users\psyc\source\repos\iocpserverlib\iocpserverlib\x64\debug\vc143.idb
c:\users\psyc\source\repos\iocpserverlib\iocpserverlib\x64\debug\spinlock.obj
c:\users\psyc\source\repos\iocpserverlib\iocpserverlib\x64\debug\slidebuffer.obj
c:\users\psyc\source\repos\iocpserverlib\iocpserverlib\x64\debug\packetdata.obj
c:\users\psyc\source\repos\iocpserverlib\iocpserverlib\x64\debug\main.obj
c:\users\psyc\source\repos\iocpserverlib\iocpserverlib\x64\debug\logmanager.obj
c:\users\psyc\source\repos\iocpserverlib\iocpserverlib\x64\debug\connection.obj
c:\users\psyc\source\repos\iocpserverlib\x64\debug\iocpserverlib.pdb
c:\users\psyc\source\repos\iocpserverlib\iocpserverlib\x64\debug\iocpserverlib.tlog\cl.command.1.tlog
c:\users\psyc\source\repos\iocpserverlib\iocpserverlib\x64\debug\iocpserverlib.tlog\cl.read.1.tlog
c:\users\psyc\source\repos\iocpserverlib\iocpserverlib\x64\debug\iocpserverlib.tlog\cl.write.1.tlog
c:\users\psyc\source\repos\iocpserverlib\iocpserverlib\x64\debug\iocpserverlib.tlog\link-cvtres.read.1.tlog
c:\users\psyc\source\repos\iocpserverlib\iocpserverlib\x64\debug\iocpserverlib.tlog\link-cvtres.write.1.tlog
c:\users\psyc\source\repos\iocpserverlib\iocpserverlib\x64\debug\iocpserverlib.tlog\link-rc.read.1.tlog
c:\users\psyc\source\repos\iocpserverlib\iocpserverlib\x64\debug\iocpserverlib.tlog\link-rc.write.1.tlog
c:\users\psyc\source\repos\iocpserverlib\iocpserverlib\x64\debug\iocpserverlib.tlog\link.command.1.tlog
c:\users\psyc\source\repos\iocpserverlib\iocpserverlib\x64\debug\iocpserverlib.tlog\link.read.1.tlog
c:\users\psyc\source\repos\iocpserverlib\iocpserverlib\x64\debug\iocpserverlib.tlog\link.read.2.tlog
c:\users\psyc\source\repos\iocpserverlib\iocpserverlib\x64\debug\iocpserverlib.tlog\link.write.1.tlog
